<?xml version="1.0" encoding="UTF-8"?>
<!-- Generated by org.testng.reporters.JUnitReportReporter -->
<testsuite hostname="WIN10EDS9" failures="0" tests="4" name="login.Logout" time="3.401" errors="0" timestamp="2024-03-29T02:24:36 EDT" skipped="3">
  <testcase classname="login.Logout" name="changePassword" time="3.401"/>
  <testcase classname="login.Logout" name="editPP">
    <skipped/>
  </testcase> <!-- editPP -->
  <testcase classname="login.Logout" name="logout">
    <skipped/>
  </testcase> <!-- logout -->
  <testcase classname="login.Logout" name="profile_Edit_Save">
    <skipped/>
  </testcase> <!-- profile_Edit_Save -->
</testsuite> <!-- login.Logout -->
