<?xml version="1.0" encoding="UTF-8"?>
<!-- Generated by org.testng.reporters.JUnitReportReporter -->
<testsuite hostname="WIN10EDS9" failures="0" tests="1" name="login.CreateAccount" time="7.464" errors="0" timestamp="2024-04-01T02:48:42 EDT" skipped="0">
  <testcase classname="login.CreateAccount" name="Create_Account" time="7.464"/>
</testsuite> <!-- login.CreateAccount -->
