<?xml version="1.0" encoding="UTF-8"?>
<!-- Generated by org.testng.reporters.JUnitReportReporter -->
<testsuite hostname="WIN10EDS9" failures="0" tests="1" name="tools.Insurance$Roles" time="5.231" errors="0" timestamp="2024-01-04T07:26:21 EST" skipped="0">
  <testcase classname="tools.Insurance$Roles" name="toolsuserdpdwn" time="5.231"/>
</testsuite> <!-- tools.Insurance$Roles -->
