<?xml version="1.0" encoding="UTF-8"?>
<!-- Generated by org.testng.reporters.JUnitReportReporter -->
<testsuite hostname="WIN10EDS9" failures="0" tests="1" name="outboundReferrals.Preauth_tab" time="3.067" errors="0" timestamp="2024-01-25T02:32:32 EST" skipped="0">
  <testcase classname="outboundReferrals.Preauth_tab" name="setup" time="3.067"/>
</testsuite> <!-- outboundReferrals.Preauth_tab -->
