<?xml version="1.0" encoding="UTF-8"?>
<!-- Generated by org.testng.reporters.JUnitReportReporter -->
<testsuite hostname="WIN10EDS9" failures="0" tests="1" name="tools.Provider_Role$Roles" time="5.668" errors="0" timestamp="2024-01-04T07:26:21 EST" skipped="0">
  <testcase classname="tools.Provider_Role$Roles" name="toolsuserdpdwn" time="5.668"/>
</testsuite> <!-- tools.Provider_Role$Roles -->
