<?xml version="1.0" encoding="UTF-8"?>
<!-- Generated by org.testng.reporters.JUnitReportReporter -->
<testsuite hostname="WIN10EDS9" failures="0" tests="1" name="inboundReferrals.Workflow" time="66.102" errors="0" timestamp="2024-02-21T07:46:00 EST" skipped="0">
  <testcase classname="inboundReferrals.Workflow" name="basicflow" time="66.102"/>
</testsuite> <!-- inboundReferrals.Workflow -->
