<?xml version="1.0" encoding="UTF-8"?>
<!-- Generated by org.testng.reporters.JUnitReportReporter -->
<testsuite hostname="WIN10EDS9" failures="0" tests="3" name="login.Userlogin" time="6.176" errors="0" timestamp="2024-03-29T06:13:53 EDT" skipped="2">
  <testcase classname="login.Userlogin" name="forgotPassword" time="6.176"/>
  <testcase classname="login.Userlogin" name="Validlogin">
    <skipped/>
  </testcase> <!-- Validlogin -->
  <testcase classname="login.Userlogin" name="InValidlogin">
    <skipped/>
  </testcase> <!-- InValidlogin -->
</testsuite> <!-- login.Userlogin -->
