<?xml version="1.0" encoding="UTF-8"?>
<!-- Generated by org.testng.reporters.JUnitReportReporter -->
<testsuite hostname="WIN10EDS9" failures="0" tests="1" name="tools.Custom_Codeset$Roles" time="8.366" errors="0" timestamp="2024-02-13T07:42:32 EST" skipped="0">
  <testcase classname="tools.Custom_Codeset$Roles" name="toolsuserdpdwn" time="8.366"/>
</testsuite> <!-- tools.Custom_Codeset$Roles -->
