<?xml version="1.0" encoding="UTF-8"?>
<!-- Generated by org.testng.reporters.JUnitReportReporter -->
<testsuite hostname="WIN10EDS9" failures="0" tests="2" name="tools.Roles" time="9.867" errors="0" timestamp="2024-01-04T07:06:45 EST" skipped="1">
  <testcase classname="tools.Roles" name="roleEntry" time="9.867"/>
  <testcase classname="tools.Roles" name="toolsuserdpdwn">
    <skipped/>
  </testcase> <!-- toolsuserdpdwn -->
</testsuite> <!-- tools.Roles -->
